[2026-04-05 16:51:10] --- INICIANDO VOSK SERVICE ---
[2026-04-05 16:51:10] FFMPEG Detectado para Vosk: C:\Users\rumi0\anaconda3\Lib\site-packages\imageio_ffmpeg\binaries\ffmpeg-win-x86_64-v7.1.exe
[2026-04-05 16:52:56] --- INICIANDO VOSK SERVICE ---
[2026-04-05 16:52:56] FFMPEG Detectado para Vosk: C:\Users\rumi0\anaconda3\Lib\site-packages\imageio_ffmpeg\binaries\ffmpeg-win-x86_64-v7.1.exe
[2026-04-05 17:07:48] --- Nueva petición Vosk (Modelo: vosk-model-small-es-0.42) ---
[2026-04-05 17:07:48] Cargando modelo Vosk: vosk-model-small-es-0.42...
[2026-04-05 17:07:48] Modelo Vosk vosk-model-small-es-0.42 cargado correctamente.
[2026-04-05 17:07:48] Convirtiendo audio para Vosk...
[2026-04-05 17:07:48] Audio convertido. Iniciando reconocimiento Vosk...
[2026-04-05 17:07:49] Vosk Finalizado en 0.40s: 'r e m veintiuno'
[2026-04-05 17:08:00] --- Nueva petición Vosk (Modelo: vosk-model-small-es-0.42) ---
[2026-04-05 17:08:00] Convirtiendo audio para Vosk...
[2026-04-05 17:08:00] Audio convertido. Iniciando reconocimiento Vosk...
[2026-04-05 17:08:00] Vosk Finalizado en 0.47s: 'reeve catorce'
[2026-04-05 17:08:03] --- Nueva petición Vosk (Modelo: vosk-model-small-es-0.42) ---
[2026-04-05 17:08:03] Convirtiendo audio para Vosk...
[2026-04-05 17:08:03] Audio convertido. Iniciando reconocimiento Vosk...
[2026-04-05 17:08:04] Vosk Finalizado en 0.27s: 'reo'
[2026-04-05 17:08:11] --- Nueva petición Vosk (Modelo: vosk-model-small-es-0.42) ---
[2026-04-05 17:08:11] Convirtiendo audio para Vosk...
[2026-04-05 17:08:11] Audio convertido. Iniciando reconocimiento Vosk...
[2026-04-05 17:08:12] Vosk Finalizado en 0.40s: 'reo catorce'
[2026-04-05 17:08:17] --- Nueva petición Vosk (Modelo: vosk-model-small-es-0.42) ---
[2026-04-05 17:08:17] Convirtiendo audio para Vosk...
[2026-04-05 17:08:17] Audio convertido. Iniciando reconocimiento Vosk...
[2026-04-05 17:08:18] Vosk Finalizado en 0.46s: 'reo treinta y dos'
[2026-04-05 17:08:30] --- Nueva petición Vosk (Modelo: vosk-model-small-es-0.42) ---
[2026-04-05 17:08:30] Convirtiendo audio para Vosk...
[2026-04-05 17:08:30] Audio convertido. Iniciando reconocimiento Vosk...
[2026-04-05 17:08:31] Vosk Finalizado en 0.54s: ''
[2026-04-05 17:08:32] --- Nueva petición Vosk (Modelo: vosk-model-small-es-0.42) ---
[2026-04-05 17:08:32] Convirtiendo audio para Vosk...
[2026-04-05 17:08:32] Audio convertido. Iniciando reconocimiento Vosk...
[2026-04-05 17:08:32] Vosk Finalizado en 0.31s: 'venta y dos'
[2026-04-05 17:08:37] --- Nueva petición Vosk (Modelo: vosk-model-small-es-0.42) ---
[2026-04-05 17:08:37] Convirtiendo audio para Vosk...
[2026-04-05 17:08:37] Audio convertido. Iniciando reconocimiento Vosk...
[2026-04-05 17:08:37] Vosk Finalizado en 0.47s: 'reo treinta y dos'
[2026-04-05 17:08:47] --- Nueva petición Vosk (Modelo: vosk-model-small-es-0.42) ---
[2026-04-05 17:08:47] Convirtiendo audio para Vosk...
[2026-04-05 17:08:47] Audio convertido. Iniciando reconocimiento Vosk...
[2026-04-05 17:08:48] Vosk Finalizado en 0.51s: 're ó treinta y dos'
[2026-04-05 17:08:59] --- Nueva petición Vosk (Modelo: vosk-model-small-es-0.42) ---
[2026-04-05 17:08:59] Convirtiendo audio para Vosk...
[2026-04-05 17:08:59] Audio convertido. Iniciando reconocimiento Vosk...
[2026-04-05 17:08:59] Vosk Finalizado en 0.57s: 're m treinta y dos'
[2026-04-05 17:09:06] --- Nueva petición Vosk (Modelo: vosk-model-small-es-0.42) ---
[2026-04-05 17:09:06] Convirtiendo audio para Vosk...
[2026-04-05 17:09:06] Audio convertido. Iniciando reconocimiento Vosk...
[2026-04-05 17:09:06] Vosk Finalizado en 0.56s: 'reo tres punto dos'
[2026-04-05 17:09:40] --- Nueva petición Vosk (Modelo: vosk-model-small-es-0.42) ---
[2026-04-05 17:09:40] Convirtiendo audio para Vosk...
[2026-04-05 17:09:40] Audio convertido. Iniciando reconocimiento Vosk...
[2026-04-05 17:09:40] Vosk Finalizado en 0.39s: 'río tres punto siete'
[2026-04-05 17:09:44] --- Nueva petición Vosk (Modelo: vosk-model-small-es-0.42) ---
[2026-04-05 17:09:44] Convirtiendo audio para Vosk...
[2026-04-05 17:09:44] Audio convertido. Iniciando reconocimiento Vosk...
[2026-04-05 17:09:45] Vosk Finalizado en 0.40s: 'reo tres punto siete'
[2026-04-05 17:13:23] --- INICIANDO VOSK SERVICE ---
[2026-04-05 17:13:23] FFMPEG Detectado para Vosk: C:\Users\rumi0\anaconda3\Lib\site-packages\imageio_ffmpeg\binaries\ffmpeg-win-x86_64-v7.1.exe
